<?xml version="1.0" encoding="UTF-8"?>
<!-- Generated by org.testng.reporters.JUnitReportReporter -->
<testsuite hostname="DESKTOP-FUOP5L6" failures="0" tests="1" name="testCases.TC004_wishlist" time="7.807" errors="0" timestamp="2024-09-19T14:35:22 IST" skipped="0">
  <testcase classname="testCases.TC004_wishlist" name="vreify_wishlist" time="7.807"/>
  <system-out/>
</testsuite> <!-- testCases.TC004_wishlist -->
