<?xml version="1.0" encoding="UTF-8"?>
<!-- Generated by org.testng.reporters.JUnitReportReporter -->
<testsuite hostname="DESKTOP-FUOP5L6" failures="0" tests="1" name="testCases.TC005_AddToCartTest" time="11.852" errors="0" timestamp="2024-09-20T15:24:41 IST" skipped="0">
  <testcase classname="testCases.TC005_AddToCartTest" name="addtocart" time="11.852"/>
  <system-out/>
</testsuite> <!-- testCases.TC005_AddToCartTest -->
