<?xml version="1.0" encoding="UTF-8"?>
<!-- Generated by org.testng.reporters.JUnitReportReporter -->
<testsuite hostname="DESKTOP-FUOP5L6" failures="0" tests="1" name="testCases.TC004_SearchProductTest" time="7.160" errors="0" timestamp="2024-09-20T15:24:41 IST" skipped="0">
  <testcase classname="testCases.TC004_SearchProductTest" name="vreify_wishlist" time="7.160"/>
  <system-out/>
</testsuite> <!-- testCases.TC004_SearchProductTest -->
